<?xml version="1.0" encoding="UTF-8"?>
<!-- Generated by org.testng.reporters.JUnitXMLReporter -->
<testsuite ignored="0" hostname="DESKTOP-8DPVRQ3" failures="0" tests="4" name="Default test" time="0.042" errors="0" timestamp="2020-09-11T19:29:02 IST">
  <testcase classname="com.test.TestNG.NewTest1" name="mainTestCase" time="0.007"/>
  <testcase classname="com.test.TestNG.NewTest1" name="secondTestCase" time="0.0"/>
  <testcase classname="com.test.TestNG.NewTest1" name="thirdTestCase" time="0.001"/>
  <testcase classname="com.test.TestNG.NewTest1" name="fourthTestCase" time="0.001"/>
</testsuite> <!-- Default test -->
