<?xml version="1.0" encoding="UTF-8"?>
<!-- Generated by org.testng.reporters.JUnitXMLReporter -->
<testsuite ignored="0" hostname="DESKTOP-8DPVRQ3" failures="0" tests="8" name="Test" time="0.062" errors="0" timestamp="2020-09-11T18:15:09 IST">
  <testcase classname="com.test.TestNG.NewTest1" name="mainTestCase" time="0.009"/>
  <testcase classname="com.test.TestNG.NewTest1" name="secondTestCase" time="0.001"/>
  <testcase classname="com.test.TestNG.NewTest1" name="thirdTestCase" time="0.001"/>
  <testcase classname="com.test.TestNG.NewTest1" name="fourthTestCase" time="0.002"/>
  <testcase classname="com.test.TestNG.NewTest2" name="mainTestCase" time="0.001"/>
  <testcase classname="com.test.TestNG.NewTest2" name="secondTestCase" time="0.001"/>
  <testcase classname="com.test.TestNG.NewTest2" name="thirdTestCase" time="0.0"/>
  <testcase classname="com.test.TestNG.NewTest2" name="fourthTestCase" time="0.0"/>
</testsuite> <!-- Test -->
