<?xml version="1.0" encoding="UTF-8"?>
<!-- Generated by org.testng.reporters.JUnitXMLReporter -->
<testsuite ignored="0" hostname="DESKTOP-8DPVRQ3" failures="0" tests="4" name="Test" time="0.044" errors="0" timestamp="2020-09-11T18:31:12 IST">
  <testcase classname="com.test.TestNG.NewTest2" name="fourthTestCase" time="0.008"/>
  <testcase classname="com.test.TestNG.NewTest2" name="mainTestCase" time="0.001"/>
  <testcase classname="com.test.TestNG.NewTest2" name="secondTestCase" time="0.001"/>
  <testcase classname="com.test.TestNG.NewTest2" name="thirdTestCase" time="0.001"/>
</testsuite> <!-- Test -->
